<?xml version="1.0" encoding="UTF-8"?>
<testsuite xmlns:xsi="http://www.w3.org/2001/XMLSchema-instance" xsi:noNamespaceSchemaLocation="https://maven.apache.org/surefire/maven-surefire-plugin/xsd/surefire-test-report-3.0.xsd" version="3.0" name="com.library.BookServiceTest" time="2.315" tests="3" errors="0" skipped="0" failures="0">
  <properties>
[...]
</properties>
  <testcase name="testAddBook" classname="com.library.BookServiceTest" time="2.012">
    <system-out><![CDATA[Livre inséré avec succès !
Les books ont été supprimé avec succès.
]]></system-out>
  </testcase>
  <testcase name="testUpdateBook" classname="com.library.BookServiceTest" time="0.083">
    <system-out><![CDATA[Livre inséré avec succès !
Les books ont été supprimé avec succès.
]]></system-out>
  </testcase>
  <testcase name="testDeleteBook" classname="com.library.BookServiceTest" time="0.078">
    <system-out><![CDATA[Livre inséré avec succès !
Le livre a été supprimé avec succès.
]]></system-out>
  </testcase>
</testsuite>